<?xml version="1.0" encoding="UTF-8"?>
<testsuite xmlns:xsi="http://www.w3.org/2001/XMLSchema-instance" xsi:noNamespaceSchemaLocation="https://maven.apache.org/surefire/maven-surefire-plugin/xsd/surefire-test-report.xsd" name="org.coursera.lab.strategy.MainTest" time="0.053" tests="2" errors="0" skipped="0" failures="0">
  <properties>
[...]
</properties>
  <testcase name="strategyTest" classname="org.coursera.lab.strategy.MainTest" time="0.044"/>
  <testcase name="strategyTestOne" classname="org.coursera.lab.strategy.MainTest" time="0.001"/>
</testsuite>